<?xml version="1.0" encoding="UTF-8"?>
<!-- Generated by org.testng.reporters.JUnitReportReporter -->
<testsuite skipped="0" hostname="Rajesh" name="jenkin.Jenkin" tests="1" failures="0" timestamp="15 Jul 2018 06:53:15 GMT" time="14.139" errors="0">
  <testcase name="test1" time="14.139" classname="jenkin.Jenkin"/>
</testsuite> <!-- jenkin.Jenkin -->
