<?xml version="1.0" encoding="UTF-8"?>
<!-- Generated by org.testng.reporters.JUnitReportReporter -->
<testsuite skipped="0" hostname="Rajesh" name="jenkin.Jenkin" tests="1" failures="0" timestamp="14 Jul 2018 10:21:29 GMT" time="26.249" errors="0">
  <testcase name="test1" time="26.249" classname="jenkin.Jenkin"/>
</testsuite> <!-- jenkin.Jenkin -->
